warning: Git tree '/home/matt/.mixed' is dirty
building the system configuration...
warning: Git tree '/home/matt/.mixed' is dirty
evaluation warning: hardware.apple-t2.enableTinyDfr is deprecated since the module has been upstreamed as hardware.apple.touchBar.
                    This option will be removed from the apple/t2 profile when NixOS 24.11 is released.
evaluation warning: The option `services.xserver.displayManager.defaultSession' defined in `/nix/store/wiqxksb6zqrhl1xp504b5fhfmw4isz29-source/configuration.nix' has been renamed to `services.displayManager.defaultSession'.
these 11 derivations will be built:
  /nix/store/xc9lhjdn3lslxk5hvrghkffvpalbxkii-neovim-0.10.2.drv
  /nix/store/pfrf72q7014mm9z9qmp9b18l7ag1rmqv-home-manager-path.drv
  /nix/store/g82ivkmrl5g22yk0f5500fi791j1wzv5-activation-script.drv
  /nix/store/gwlijv5pnq3xx62gfjzk0av038iin7pc-ff_native-messaging-hosts.drv
  /nix/store/j6r68n13zidfgg5f1rag398j8qizgvhv-hm_nviminit.lua.drv
  /nix/store/rzkzfwhxyxcwq004amrmwgpff3dsqg72-home-manager-files.drv
  /nix/store/rrfm956piqyi5srx58v73jdrh0vh9ml3-home-manager-generation.drv
  /nix/store/wzmwg57f3zjjsx9z3xqk905y19yb429v-unit-home-manager-matt.service.drv
  /nix/store/ickan0zls3r3hri7bxaidxkqc5pfpns9-system-units.drv
  /nix/store/l38g1brdq5arf1vm3dl2fbv3i0f9mvvn-etc.drv
  /nix/store/q8r07zj8bnld60705kvl3vcs5wwbljh2-nixos-system-nixos-25.05.20241201.ac35b10.drv
building '/nix/store/gwlijv5pnq3xx62gfjzk0av038iin7pc-ff_native-messaging-hosts.drv'...
building '/nix/store/j6r68n13zidfgg5f1rag398j8qizgvhv-hm_nviminit.lua.drv'...
building '/nix/store/xc9lhjdn3lslxk5hvrghkffvpalbxkii-neovim-0.10.2.drv'...
building '/nix/store/rzkzfwhxyxcwq004amrmwgpff3dsqg72-home-manager-files.drv'...
building '/nix/store/pfrf72q7014mm9z9qmp9b18l7ag1rmqv-home-manager-path.drv'...
building '/nix/store/g82ivkmrl5g22yk0f5500fi791j1wzv5-activation-script.drv'...
building '/nix/store/rrfm956piqyi5srx58v73jdrh0vh9ml3-home-manager-generation.drv'...
building '/nix/store/wzmwg57f3zjjsx9z3xqk905y19yb429v-unit-home-manager-matt.service.drv'...
building '/nix/store/ickan0zls3r3hri7bxaidxkqc5pfpns9-system-units.drv'...
building '/nix/store/l38g1brdq5arf1vm3dl2fbv3i0f9mvvn-etc.drv'...
building '/nix/store/q8r07zj8bnld60705kvl3vcs5wwbljh2-nixos-system-nixos-25.05.20241201.ac35b10.drv'...
activating the configuration...
setting up /etc...
reloading user units for matt...
restarting sysinit-reactivation.target
